<?xml version="1.0" encoding="UTF-8"?>
<testsuite name="hexlet.code.AppTest" tests="8" skipped="0" failures="0" errors="0" timestamp="2023-03-20T11:16:40" hostname="xushaha-All-Series" time="2.752">
  <properties/>
  <testcase name="testCheckUrl()" classname="hexlet.code.AppTest" time="2.448"/>
  <testcase name="testAddDuplicateUrl()" classname="hexlet.code.AppTest" time="0.11"/>
  <testcase name="testAddCorrectUrl()" classname="hexlet.code.AppTest" time="0.056"/>
  <testcase name="testInit()" classname="hexlet.code.AppTest" time="0.007"/>
  <testcase name="testMain()" classname="hexlet.code.AppTest" time="0.04"/>
  <testcase name="testAddIncorrectUrl()" classname="hexlet.code.AppTest" time="0.025"/>
  <testcase name="testShowUrl()" classname="hexlet.code.AppTest" time="0.026"/>
  <testcase name="testListUrls()" classname="hexlet.code.AppTest" time="0.032"/>
  <system-out><![CDATA[]]></system-out>
  <system-err><![CDATA[[Test worker] INFO org.eclipse.jetty.util.log - Logging initialized @1325ms to org.eclipse.jetty.util.log.Slf4jLog
[Test worker] INFO io.javalin.Javalin - Static file handler added: StaticFileConfig(hostedPath=/, directory=META-INF/resources/webjars, location=CLASSPATH, precompress=false, aliasCheck=null, headers={Cache-Control=max-age=31622400}, skipFileFunction=Function1<javax.servlet.http.HttpServletRequest, java.lang.Boolean>). File system location: 'jar:file:/home/xushaha/.gradle/caches/modules-2/files-2.1/org.webjars/bootstrap/5.2.3/4abbab7b738ab59b25ae6081b9b30bb7779741fd/bootstrap-5.2.3.jar!/META-INF/resources/webjars'
[Test worker] INFO io.javalin.Javalin - JAVALIN HANDLER REGISTRATION DEBUG LOG: GET[/]
[Test worker] INFO io.javalin.Javalin - JAVALIN HANDLER REGISTRATION DEBUG LOG: POST[/urls]
[Test worker] INFO io.javalin.Javalin - JAVALIN HANDLER REGISTRATION DEBUG LOG: GET[/urls]
[Test worker] INFO io.javalin.Javalin - JAVALIN HANDLER REGISTRATION DEBUG LOG: GET[/urls/{id}]
[Test worker] INFO io.javalin.Javalin - JAVALIN HANDLER REGISTRATION DEBUG LOG: POST[/urls/{id}/checks]
[Test worker] INFO io.javalin.Javalin - JAVALIN HANDLER REGISTRATION DEBUG LOG: BEFORE[*]
[Test worker] INFO io.javalin.Javalin - 
       __                      __ _            __ __
      / /____ _ _   __ ____ _ / /(_)____      / // /
 __  / // __ `/| | / // __ `// // // __ \    / // /_
/ /_/ // /_/ / | |/ // /_/ // // // / / /   /__  __/
\____/ \__,_/  |___/ \__,_//_//_//_/ /_/      /_/

          https://javalin.io/documentation

[Test worker] INFO io.javalin.Javalin - Starting Javalin ...
[Test worker] INFO io.javalin.Javalin - You are running Javalin 4.3.0 (released January 13, 2022. Your Javalin version is 430 days old. Consider checking for a newer version.).
[Test worker] INFO io.javalin.Javalin - Listening on http://localhost:33069/
[Test worker] INFO io.javalin.Javalin - Javalin started in 261ms \o/
[Test worker] INFO io.ebean - ebean version: 13.11.0
[Test worker] INFO io.avaje.config - Loaded properties from [resource:application.yaml, resource:application-test.yaml] 
[ForkJoinPool.commonPool-worker-1] INFO io.ebean.test - Using jdbc settings - username:sa url:jdbc:h2:mem:test driver:org.h2.Driver
[Test worker] INFO io.ebean.test - For testing purposes a current user and tenant provider has been configured. Use io.ebean.test.UserContext to set current user and tenant in tests.
[Test worker] INFO io.ebean.datasource - DataSourcePool [${APP_ENV}] autoCommit[false] transIsolation[READ_COMMITTED] min[2] max[200] in[353ms]
[Test worker] INFO io.ebean.DDL - Executing ${APP_ENV}-drop-all.sql - 4 statements, autoCommit:true
[Test worker] INFO io.ebean.DDL - Executing ${APP_ENV}-create-all.sql - 4 statements, autoCommit:false
[Test worker] INFO io.ebean.DDL - Executing seed-test-db.sql - 1 statements, autoCommit:false
[Test worker] INFO io.ebean.core - Started database[${APP_ENV}] platform[H2] in 1,441ms
[Test worker] INFO io.ebean.DDL - Executing /truncate.sql - 4 statements, autoCommit:false
[Test worker] INFO io.ebean.DDL - Executing /seed-test-db.sql - 1 statements, autoCommit:false
[JettyServerThreadPool-24] INFO io.javalin.Javalin - JAVALIN REQUEST DEBUG LOG:
Request: POST [/urls]
    Matching endpoint-handlers: [BEFORE=*, POST=/urls]
    Headers: {User-Agent=unirest-java/3.1.00, Connection=keep-alive, Host=localhost:33069, Accept-Encoding=gzip, Content-Length=37, Content-Type=application/x-www-form-urlencoded; charset=UTF-8}
    Cookies: {}
    Body: url=http%3A%2F%2Flocalhost%3A58433%2F
    QueryString: null
    QueryParams: {}
    FormParams: {url=[http://localhost:58433/]}
Response: [302], execution took 143.71 ms
    Headers: {Set-Cookie=JSESSIONID=node01tl62u46tps7gjyc09rgbnx160.node0; Path=/; HttpOnly, Expires=Thu, 01 Jan 1970 00:00:00 GMT, Date=Mon, 20 Mar 2023 11:16:41 GMT, Content-Type=text/plain, Location=/urls}
    No body was set
----------------------------------------------------------------------------------
[JettyServerThreadPool-20] INFO io.javalin.Javalin - JAVALIN REQUEST DEBUG LOG:
Request: POST [/urls/3/checks]
    Matching endpoint-handlers: [BEFORE=*, POST=/urls/{id}/checks]
    Headers: {Cookie=JSESSIONID=node01tl62u46tps7gjyc09rgbnx160.node0, User-Agent=unirest-java/3.1.00, Connection=keep-alive, Host=localhost:33069, Accept-Encoding=gzip, Content-Length=0}
    Cookies: {JSESSIONID=node01tl62u46tps7gjyc09rgbnx160.node0}
    Body: 
    QueryString: null
    QueryParams: {}
    FormParams: {}
Response: [302], execution took 178.03 ms
    Headers: {Date=Mon, 20 Mar 2023 11:16:41 GMT, Content-Type=text/plain, Location=/urls/3}
    No body was set
----------------------------------------------------------------------------------
[JettyServerThreadPool-20] INFO io.javalin.Javalin - JAVALIN REQUEST DEBUG LOG:
Request: GET [/urls/3]
    Matching endpoint-handlers: [BEFORE=*, GET=/urls/{id}]
    Headers: {Cookie=JSESSIONID=node01tl62u46tps7gjyc09rgbnx160.node0, User-Agent=unirest-java/3.1.00, Connection=keep-alive, Host=localhost:33069, Accept-Encoding=gzip}
    Cookies: {JSESSIONID=node01tl62u46tps7gjyc09rgbnx160.node0}
    Body: 
    QueryString: null
    QueryParams: {}
    FormParams: {}
Response: [200], execution took 1369.89 ms
    Headers: {Content-Encoding=gzip, Date=Mon, 20 Mar 2023 11:16:41 GMT, Content-Type=text/html}
    Body is gzipped (3080 bytes, not logged)
----------------------------------------------------------------------------------
[Test worker] INFO io.ebean.DDL - Executing /truncate.sql - 4 statements, autoCommit:false
[Test worker] INFO io.ebean.DDL - Executing /seed-test-db.sql - 1 statements, autoCommit:false
[JettyServerThreadPool-22] INFO io.javalin.Javalin - JAVALIN REQUEST DEBUG LOG:
Request: POST [/urls]
    Matching endpoint-handlers: [BEFORE=*, POST=/urls]
    Headers: {Cookie=JSESSIONID=node01tl62u46tps7gjyc09rgbnx160.node0, User-Agent=unirest-java/3.1.00, Connection=keep-alive, Host=localhost:33069, Accept-Encoding=gzip, Content-Length=24, Content-Type=application/x-www-form-urlencoded; charset=UTF-8}
    Cookies: {JSESSIONID=node01tl62u46tps7gjyc09rgbnx160.node0}
    Body: url=https%3A%2F%2Fvk.com
    QueryString: null
    QueryParams: {}
    FormParams: {url=[https://vk.com]}
Response: [302], execution took 1.98 ms
    Headers: {Date=Mon, 20 Mar 2023 11:16:43 GMT, Content-Type=text/plain, Location=/urls}
    No body was set
----------------------------------------------------------------------------------
[JettyServerThreadPool-22] INFO io.javalin.Javalin - JAVALIN REQUEST DEBUG LOG:
Request: GET [/urls]
    Matching endpoint-handlers: [BEFORE=*, GET=/urls]
    Headers: {Cookie=JSESSIONID=node01tl62u46tps7gjyc09rgbnx160.node0, User-Agent=unirest-java/3.1.00, Connection=keep-alive, Host=localhost:33069, Accept-Encoding=gzip}
    Cookies: {JSESSIONID=node01tl62u46tps7gjyc09rgbnx160.node0}
    Body: 
    QueryString: null
    QueryParams: {}
    FormParams: {}
Response: [200], execution took 87.20 ms
    Headers: {Content-Encoding=gzip, Date=Mon, 20 Mar 2023 11:16:43 GMT, Content-Type=text/html}
    Body is gzipped (3530 bytes, not logged)
----------------------------------------------------------------------------------
[Test worker] INFO io.ebean.DDL - Executing /truncate.sql - 4 statements, autoCommit:false
[Test worker] INFO io.ebean.DDL - Executing /seed-test-db.sql - 1 statements, autoCommit:false
[JettyServerThreadPool-25] INFO io.javalin.Javalin - JAVALIN REQUEST DEBUG LOG:
Request: POST [/urls]
    Matching endpoint-handlers: [BEFORE=*, POST=/urls]
    Headers: {Cookie=JSESSIONID=node01tl62u46tps7gjyc09rgbnx160.node0, User-Agent=unirest-java/3.1.00, Connection=keep-alive, Host=localhost:33069, Accept-Encoding=gzip, Content-Length=23, Content-Type=application/x-www-form-urlencoded; charset=UTF-8}
    Cookies: {JSESSIONID=node01tl62u46tps7gjyc09rgbnx160.node0}
    Body: url=https%3A%2F%2Fya.ru
    QueryString: null
    QueryParams: {}
    FormParams: {url=[https://ya.ru]}
Response: [302], execution took 2.35 ms
    Headers: {Date=Mon, 20 Mar 2023 11:16:43 GMT, Content-Type=text/plain, Location=/urls}
    No body was set
----------------------------------------------------------------------------------
[Test worker] INFO io.ebean.DDL - Executing /truncate.sql - 4 statements, autoCommit:false
[Test worker] INFO io.ebean.DDL - Executing /seed-test-db.sql - 1 statements, autoCommit:false
[JettyServerThreadPool-25] INFO io.javalin.Javalin - JAVALIN REQUEST DEBUG LOG:
Request: GET [/urls]
    Matching endpoint-handlers: [BEFORE=*, GET=/urls]
    Headers: {Cookie=JSESSIONID=node01tl62u46tps7gjyc09rgbnx160.node0, User-Agent=unirest-java/3.1.00, Connection=keep-alive, Host=localhost:33069, Accept-Encoding=gzip}
    Cookies: {JSESSIONID=node01tl62u46tps7gjyc09rgbnx160.node0}
    Body: 
    QueryString: null
    QueryParams: {}
    FormParams: {}
Response: [200], execution took 51.19 ms
    Headers: {Content-Encoding=gzip, Date=Mon, 20 Mar 2023 11:16:43 GMT, Content-Type=text/html}
    Body is gzipped (3784 bytes, not logged)
----------------------------------------------------------------------------------
[Test worker] INFO io.ebean.DDL - Executing /truncate.sql - 4 statements, autoCommit:false
[Test worker] INFO io.ebean.DDL - Executing /seed-test-db.sql - 1 statements, autoCommit:false
[Test worker] INFO io.ebean.DDL - Executing /truncate.sql - 4 statements, autoCommit:false
[Test worker] INFO io.ebean.DDL - Executing /seed-test-db.sql - 1 statements, autoCommit:false
[JettyServerThreadPool-22] INFO io.javalin.Javalin - JAVALIN REQUEST DEBUG LOG:
Request: GET [/]
    Matching endpoint-handlers: [BEFORE=*, GET=/]
    Headers: {Cookie=JSESSIONID=node01tl62u46tps7gjyc09rgbnx160.node0, User-Agent=unirest-java/3.1.00, Connection=keep-alive, Host=localhost:33069, Accept-Encoding=gzip}
    Cookies: {JSESSIONID=node01tl62u46tps7gjyc09rgbnx160.node0}
    Body: 
    QueryString: null
    QueryParams: {}
    FormParams: {}
Response: [200], execution took 25.85 ms
    Headers: {Content-Encoding=gzip, Date=Mon, 20 Mar 2023 11:16:43 GMT, Content-Type=text/html}
    Body is gzipped (2858 bytes, not logged)
----------------------------------------------------------------------------------
[JettyServerThreadPool-22] INFO io.javalin.Javalin - JAVALIN REQUEST DEBUG LOG:
Request: POST [/urls]
    Matching endpoint-handlers: [BEFORE=*, POST=/urls]
    Headers: {Cookie=JSESSIONID=node01tl62u46tps7gjyc09rgbnx160.node0, User-Agent=unirest-java/3.1.00, Connection=keep-alive, Host=localhost:33069, Accept-Encoding=gzip, Content-Length=9, Content-Type=application/x-www-form-urlencoded; charset=UTF-8}
    Cookies: {JSESSIONID=node01tl62u46tps7gjyc09rgbnx160.node0}
    Body: url=ya.ru
    QueryString: null
    QueryParams: {}
    FormParams: {url=[ya.ru]}
Response: [302], execution took 0.48 ms
    Headers: {Date=Mon, 20 Mar 2023 11:16:43 GMT, Content-Type=text/plain, Location=/}
    No body was set
----------------------------------------------------------------------------------
[JettyServerThreadPool-22] INFO io.javalin.Javalin - JAVALIN REQUEST DEBUG LOG:
Request: GET [/]
    Matching endpoint-handlers: [BEFORE=*, GET=/]
    Headers: {Cookie=JSESSIONID=node01tl62u46tps7gjyc09rgbnx160.node0, User-Agent=unirest-java/3.1.00, Connection=keep-alive, Host=localhost:33069, Accept-Encoding=gzip}
    Cookies: {JSESSIONID=node01tl62u46tps7gjyc09rgbnx160.node0}
    Body: 
    QueryString: null
    QueryParams: {}
    FormParams: {}
Response: [200], execution took 11.24 ms
    Headers: {Content-Encoding=gzip, Date=Mon, 20 Mar 2023 11:16:43 GMT, Content-Type=text/html}
    Body is gzipped (3117 bytes, not logged)
----------------------------------------------------------------------------------
[Test worker] INFO io.ebean.DDL - Executing /truncate.sql - 4 statements, autoCommit:false
[Test worker] INFO io.ebean.DDL - Executing /seed-test-db.sql - 1 statements, autoCommit:false
[Test worker] INFO io.ebean.DDL - Executing /truncate.sql - 4 statements, autoCommit:false
[Test worker] INFO io.ebean.DDL - Executing /seed-test-db.sql - 1 statements, autoCommit:false
[JettyServerThreadPool-25] INFO io.javalin.Javalin - JAVALIN REQUEST DEBUG LOG:
Request: GET [/urls/1]
    Matching endpoint-handlers: [BEFORE=*, GET=/urls/{id}]
    Headers: {Cookie=JSESSIONID=node01tl62u46tps7gjyc09rgbnx160.node0, User-Agent=unirest-java/3.1.00, Connection=keep-alive, Host=localhost:33069, Accept-Encoding=gzip}
    Cookies: {JSESSIONID=node01tl62u46tps7gjyc09rgbnx160.node0}
    Body: 
    QueryString: null
    QueryParams: {}
    FormParams: {}
Response: [200], execution took 28.01 ms
    Headers: {Content-Encoding=gzip, Date=Mon, 20 Mar 2023 11:16:43 GMT, Content-Type=text/html}
    Body is gzipped (2581 bytes, not logged)
----------------------------------------------------------------------------------
[Test worker] INFO io.javalin.Javalin - Stopping Javalin ...
[JettyServerThreadPool-25] INFO io.javalin.Javalin - JAVALIN REQUEST DEBUG LOG:
Request: GET [/urls]
    Matching endpoint-handlers: [BEFORE=*, GET=/urls]
    Headers: {Cookie=JSESSIONID=node01tl62u46tps7gjyc09rgbnx160.node0, User-Agent=unirest-java/3.1.00, Connection=keep-alive, Host=localhost:33069, Accept-Encoding=gzip}
    Cookies: {JSESSIONID=node01tl62u46tps7gjyc09rgbnx160.node0}
    Body: 
    QueryString: null
    QueryParams: {}
    FormParams: {}
Response: [200], execution took 21.00 ms
    Headers: {Content-Encoding=gzip, Date=Mon, 20 Mar 2023 11:16:43 GMT, Content-Type=text/html}
    Body is gzipped (3272 bytes, not logged)
----------------------------------------------------------------------------------
[Test worker] INFO io.javalin.Javalin - Javalin has stopped
]]></system-err>
</testsuite>
