<?xml version="1.0" encoding="UTF-8"?>
<testsuite name="hexlet.code.AppTest" tests="1" skipped="0" failures="0" errors="0" timestamp="2023-03-16T16:14:22" hostname="xushaha-All-Series" time="0.104">
  <properties/>
  <testcase name="testInit()" classname="hexlet.code.AppTest" time="0.104"/>
  <system-out><![CDATA[]]></system-out>
  <system-err><![CDATA[[Test worker] INFO org.eclipse.jetty.util.log - Logging initialized @1366ms to org.eclipse.jetty.util.log.Slf4jLog
[Test worker] INFO io.javalin.Javalin - Static file handler added: StaticFileConfig(hostedPath=/, directory=META-INF/resources/webjars, location=CLASSPATH, precompress=false, aliasCheck=null, headers={Cache-Control=max-age=31622400}, skipFileFunction=Function1<javax.servlet.http.HttpServletRequest, java.lang.Boolean>). File system location: 'jar:file:/home/xushaha/.gradle/caches/modules-2/files-2.1/org.webjars/bootstrap/5.1.1/4a452dae9386b7ddc6dc4933d7d45b6b3edeab1c/bootstrap-5.1.1.jar!/META-INF/resources/webjars'
[Test worker] INFO io.javalin.Javalin - 
       __                      __ _            __ __
      / /____ _ _   __ ____ _ / /(_)____      / // /
 __  / // __ `/| | / // __ `// // // __ \    / // /_
/ /_/ // /_/ / | |/ // /_/ // // // / / /   /__  __/
\____/ \__,_/  |___/ \__,_//_//_//_/ /_/      /_/

          https://javalin.io/documentation

[Test worker] INFO io.javalin.Javalin - Starting Javalin ...
[Test worker] INFO io.javalin.Javalin - You are running Javalin 4.1.0 (released October 2, 2021. Your Javalin version is 530 days old. Consider upgrading!).
[Test worker] INFO io.javalin.Javalin - Listening on http://localhost:33899/
[Test worker] INFO io.javalin.Javalin - Javalin started in 237ms \o/
[Test worker] INFO io.ebean - ebean version: 12.12.1
[Test worker] INFO io.avaje.config - Loaded properties from [resource:application.yaml, resource:application-test.yaml] 
[ForkJoinPool.commonPool-worker-2] INFO io.ebean.test - Using jdbc settings - username:sa url:jdbc:h2:mem:test driver:org.h2.Driver
[Test worker] INFO io.ebean.test - For testing purposes a current user and tenant provider has been configured. Use io.ebean.test.UserContext to set current user and tenant in tests.
[Test worker] INFO io.ebean.datasource - DataSourcePool [${APP_ENV}] autoCommit[false] transIsolation[READ_COMMITTED] min[2] max[200] in[384ms]
[Test worker] INFO io.ebean.DDL - Executing ${APP_ENV}-drop-all.sql - 1 statements, autoCommit:true
[Test worker] INFO io.ebean.DDL - Executing ${APP_ENV}-create-all.sql - 1 statements, autoCommit:false
[Test worker] INFO io.ebean.DDL - Executing seed-test-db.sql - 1 statements, autoCommit:false
[Test worker] INFO io.ebean.core - Started database[${APP_ENV}] platform[H2] in 1133ms
[Test worker] INFO io.ebean.DDL - Executing /truncate.sql - 1 statements, autoCommit:false
[Test worker] INFO io.ebean.DDL - Executing /seed-test-db.sql - 1 statements, autoCommit:false
[Test worker] INFO io.javalin.Javalin - Stopping Javalin ...
[Test worker] INFO io.javalin.Javalin - Javalin has stopped
]]></system-err>
</testsuite>
